
DevTools listening on ws://127.0.0.1:41257/devtools/browser/dab48678-410f-4244-8122-a86e08cab896
(node:21976) ExperimentalWarning: `--experimental-loader` may be removed in the future; instead use `register()`:
--import 'data:text/javascript,import { register } from "node:module"; import { pathToFileURL } from "node:url"; register("file%3A///home/david/.cache/Cypress/13.13.3/Cypress/resources/app/node_modules/ts-node/esm/transpile-only.mjs", pathToFileURL("./"));'
(Use `node --trace-warnings ...` to show where the warning was created)
(node:21976) [DEP0180] DeprecationWarning: fs.Stats constructor is deprecated.
(Use `node --trace-deprecation ...` to show where the warning was created)

==================================================

  (Run Starting)

  ┌────────────────────────────────────────────────────────────────────────────────────────────────┐
  │ Cypress:        13.13.3                                                                        │
  │ Browser:        Electron 118 (headless)                                                        │
  │ Node Version:   v22.14.0 (/home/david/.nvm/versions/node/v22.14.0/bin/node)                    │
  │ Specs:          1 found (temp_single_task.cy.js)                                               │
  │ Searched:       cypress/e2e/temp_single_task.cy.js                                             │
  │ Experiments:    experimentalMemoryManagement=true                                              │
  └────────────────────────────────────────────────────────────────────────────────────────────────┘


────────────────────────────────────────────────────────────────────────────────────────────────────
                                                                                                    
  Running:  temp_single_task.cy.js                                                          (1 of 1)


  Single Task Capture - theory-of-mind
    ✓ captures complete theory-of-mind task until completion (616424ms)


  1 passing (10m)


  (Results)

  ┌────────────────────────────────────────────────────────────────────────────────────────────────┐
  │ Tests:        1                                                                                │
  │ Passing:      1                                                                                │
  │ Failing:      0                                                                                │
  │ Pending:      0                                                                                │
  │ Skipped:      0                                                                                │
  │ Screenshots:  80                                                                               │
  │ Video:        true                                                                             │
  │ Duration:     10 minutes, 17 seconds                                                           │
  │ Spec Ran:     temp_single_task.cy.js                                                           │
  └────────────────────────────────────────────────────────────────────────────────────────────────┘


  (Screenshots)

  -  /home/david/levante/core-tasks/task-launcher/cypress/screenshots/temp_single_tas     (1000x660)
     k.cy.js/2025-07-02T04-13-18-theory-of-mind-001-initial-load.png                                
  -  /home/david/levante/core-tasks/task-launcher/cypress/screenshots/temp_single_tas     (1000x680)
     k.cy.js/2025-07-02T04-13-18-theory-of-mind-002-task-started.png                                
  -  /home/david/levante/core-tasks/task-launcher/cypress/screenshots/temp_single_tas     (1000x680)
     k.cy.js/2025-07-02T04-13-18-theory-of-mind-003-step-1.png                                      
  -  /home/david/levante/core-tasks/task-launcher/cypress/screenshots/temp_single_tas     (1000x680)
     k.cy.js/2025-07-02T04-13-18-theory-of-mind-004-step-2.png                                      
  -  /home/david/levante/core-tasks/task-launcher/cypress/screenshots/temp_single_tas     (1000x680)
     k.cy.js/2025-07-02T04-13-18-theory-of-mind-005-step-3.png                                      
  -  /home/david/levante/core-tasks/task-launcher/cypress/screenshots/temp_single_tas     (1000x680)
     k.cy.js/2025-07-02T04-13-18-theory-of-mind-006-step-4.png                                      
  -  /home/david/levante/core-tasks/task-launcher/cypress/screenshots/temp_single_tas     (1000x680)
     k.cy.js/2025-07-02T04-13-18-theory-of-mind-007-step-5.png                                      
  -  /home/david/levante/core-tasks/task-launcher/cypress/screenshots/temp_single_tas     (1000x680)
     k.cy.js/2025-07-02T04-13-18-theory-of-mind-008-step-6.png                                      
  -  /home/david/levante/core-tasks/task-launcher/cypress/screenshots/temp_single_tas     (1000x680)
     k.cy.js/2025-07-02T04-13-18-theory-of-mind-009-step-7.png                                      
  -  /home/david/levante/core-tasks/task-launcher/cypress/screenshots/temp_single_tas     (1000x680)
     k.cy.js/2025-07-02T04-13-18-theory-of-mind-010-step-8.png                                      
  -  /home/david/levante/core-tasks/task-launcher/cypress/screenshots/temp_single_tas     (1000x680)
     k.cy.js/2025-07-02T04-13-18-theory-of-mind-011-step-9.png                                      
  -  /home/david/levante/core-tasks/task-launcher/cypress/screenshots/temp_single_tas     (1000x680)
     k.cy.js/2025-07-02T04-13-18-theory-of-mind-012-step-10.png                                     
  -  /home/david/levante/core-tasks/task-launcher/cypress/screenshots/temp_single_tas     (1000x680)
     k.cy.js/2025-07-02T04-13-18-theory-of-mind-013-step-11.png                                     
  -  /home/david/levante/core-tasks/task-launcher/cypress/screenshots/temp_single_tas     (1000x680)
     k.cy.js/2025-07-02T04-13-18-theory-of-mind-014-step-12.png                                     
  -  /home/david/levante/core-tasks/task-launcher/cypress/screenshots/temp_single_tas     (1000x680)
     k.cy.js/2025-07-02T04-13-18-theory-of-mind-015-step-13.png                                     
  -  /home/david/levante/core-tasks/task-launcher/cypress/screenshots/temp_single_tas     (1000x680)
     k.cy.js/2025-07-02T04-13-18-theory-of-mind-016-step-14.png                                     
  -  /home/david/levante/core-tasks/task-launcher/cypress/screenshots/temp_single_tas     (1000x680)
     k.cy.js/2025-07-02T04-13-18-theory-of-mind-017-step-15.png                                     
  -  /home/david/levante/core-tasks/task-launcher/cypress/screenshots/temp_single_tas     (1000x680)
     k.cy.js/2025-07-02T04-13-18-theory-of-mind-018-step-16.png                                     
  -  /home/david/levante/core-tasks/task-launcher/cypress/screenshots/temp_single_tas     (1000x680)
     k.cy.js/2025-07-02T04-13-18-theory-of-mind-019-step-17.png                                     
  -  /home/david/levante/core-tasks/task-launcher/cypress/screenshots/temp_single_tas     (1000x680)
     k.cy.js/2025-07-02T04-13-18-theory-of-mind-020-step-18.png                                     
  -  /home/david/levante/core-tasks/task-launcher/cypress/screenshots/temp_single_tas     (1000x680)
     k.cy.js/2025-07-02T04-13-18-theory-of-mind-021-step-19.png                                     
  -  /home/david/levante/core-tasks/task-launcher/cypress/screenshots/temp_single_tas     (1000x680)
     k.cy.js/2025-07-02T04-13-18-theory-of-mind-022-step-20.png                                     
  -  /home/david/levante/core-tasks/task-launcher/cypress/screenshots/temp_single_tas     (1000x680)
     k.cy.js/2025-07-02T04-13-18-theory-of-mind-023-step-21.png                                     
  -  /home/david/levante/core-tasks/task-launcher/cypress/screenshots/temp_single_tas     (1000x680)
     k.cy.js/2025-07-02T04-13-18-theory-of-mind-024-step-22.png                                     
  -  /home/david/levante/core-tasks/task-launcher/cypress/screenshots/temp_single_tas     (1000x680)
     k.cy.js/2025-07-02T04-13-18-theory-of-mind-025-step-23.png                                     
  -  /home/david/levante/core-tasks/task-launcher/cypress/screenshots/temp_single_tas     (1000x680)
     k.cy.js/2025-07-02T04-13-18-theory-of-mind-026-step-24.png                                     
  -  /home/david/levante/core-tasks/task-launcher/cypress/screenshots/temp_single_tas     (1000x680)
     k.cy.js/2025-07-02T04-13-18-theory-of-mind-027-step-25.png                                     
  -  /home/david/levante/core-tasks/task-launcher/cypress/screenshots/temp_single_tas     (1000x680)
     k.cy.js/2025-07-02T04-13-18-theory-of-mind-028-step-26.png                                     
  -  /home/david/levante/core-tasks/task-launcher/cypress/screenshots/temp_single_tas     (1000x680)
     k.cy.js/2025-07-02T04-13-18-theory-of-mind-029-step-27.png                                     
  -  /home/david/levante/core-tasks/task-launcher/cypress/screenshots/temp_single_tas     (1000x680)
     k.cy.js/2025-07-02T04-13-18-theory-of-mind-030-step-28.png                                     
  -  /home/david/levante/core-tasks/task-launcher/cypress/screenshots/temp_single_tas     (1000x680)
     k.cy.js/2025-07-02T04-13-18-theory-of-mind-031-step-29.png                                     
  -  /home/david/levante/core-tasks/task-launcher/cypress/screenshots/temp_single_tas     (1000x680)
     k.cy.js/2025-07-02T04-13-18-theory-of-mind-032-step-30.png                                     
  -  /home/david/levante/core-tasks/task-launcher/cypress/screenshots/temp_single_tas     (1000x680)
     k.cy.js/2025-07-02T04-13-18-theory-of-mind-033-step-31.png                                     
  -  /home/david/levante/core-tasks/task-launcher/cypress/screenshots/temp_single_tas     (1000x680)
     k.cy.js/2025-07-02T04-13-18-theory-of-mind-034-step-32.png                                     
  -  /home/david/levante/core-tasks/task-launcher/cypress/screenshots/temp_single_tas     (1000x680)
     k.cy.js/2025-07-02T04-13-18-theory-of-mind-035-step-33.png                                     
  -  /home/david/levante/core-tasks/task-launcher/cypress/screenshots/temp_single_tas     (1000x680)
     k.cy.js/2025-07-02T04-13-18-theory-of-mind-036-step-34.png                                     
  -  /home/david/levante/core-tasks/task-launcher/cypress/screenshots/temp_single_tas     (1000x680)
     k.cy.js/2025-07-02T04-13-18-theory-of-mind-037-step-35.png                                     
  -  /home/david/levante/core-tasks/task-launcher/cypress/screenshots/temp_single_tas     (1000x680)
     k.cy.js/2025-07-02T04-13-18-theory-of-mind-038-step-36.png                                     
  -  /home/david/levante/core-tasks/task-launcher/cypress/screenshots/temp_single_tas     (1000x680)
     k.cy.js/2025-07-02T04-13-18-theory-of-mind-039-step-37.png                                     
  -  /home/david/levante/core-tasks/task-launcher/cypress/screenshots/temp_single_tas     (1000x680)
     k.cy.js/2025-07-02T04-13-18-theory-of-mind-040-step-38.png                                     
  -  /home/david/levante/core-tasks/task-launcher/cypress/screenshots/temp_single_tas     (1000x680)
     k.cy.js/2025-07-02T04-13-18-theory-of-mind-041-step-39.png                                     
  -  /home/david/levante/core-tasks/task-launcher/cypress/screenshots/temp_single_tas     (1000x680)
     k.cy.js/2025-07-02T04-13-18-theory-of-mind-042-step-40.png                                     
  -  /home/david/levante/core-tasks/task-launcher/cypress/screenshots/temp_single_tas     (1000x680)
     k.cy.js/2025-07-02T04-13-18-theory-of-mind-043-step-41.png                                     
  -  /home/david/levante/core-tasks/task-launcher/cypress/screenshots/temp_single_tas     (1000x680)
     k.cy.js/2025-07-02T04-13-18-theory-of-mind-044-step-42.png                                     
  -  /home/david/levante/core-tasks/task-launcher/cypress/screenshots/temp_single_tas     (1000x680)
     k.cy.js/2025-07-02T04-13-18-theory-of-mind-045-step-43.png                                     
  -  /home/david/levante/core-tasks/task-launcher/cypress/screenshots/temp_single_tas     (1000x680)
     k.cy.js/2025-07-02T04-13-18-theory-of-mind-046-step-44.png                                     
  -  /home/david/levante/core-tasks/task-launcher/cypress/screenshots/temp_single_tas     (1000x680)
     k.cy.js/2025-07-02T04-13-18-theory-of-mind-047-step-45.png                                     
  -  /home/david/levante/core-tasks/task-launcher/cypress/screenshots/temp_single_tas     (1000x680)
     k.cy.js/2025-07-02T04-13-18-theory-of-mind-048-step-46.png                                     
  -  /home/david/levante/core-tasks/task-launcher/cypress/screenshots/temp_single_tas     (1000x680)
     k.cy.js/2025-07-02T04-13-18-theory-of-mind-049-step-47.png                                     
  -  /home/david/levante/core-tasks/task-launcher/cypress/screenshots/temp_single_tas     (1000x680)
     k.cy.js/2025-07-02T04-13-18-theory-of-mind-050-step-48.png                                     
  -  /home/david/levante/core-tasks/task-launcher/cypress/screenshots/temp_single_tas     (1000x680)
     k.cy.js/2025-07-02T04-13-18-theory-of-mind-051-step-49.png                                     
  -  /home/david/levante/core-tasks/task-launcher/cypress/screenshots/temp_single_tas     (1000x680)
     k.cy.js/2025-07-02T04-13-18-theory-of-mind-052-step-50.png                                     
  -  /home/david/levante/core-tasks/task-launcher/cypress/screenshots/temp_single_tas     (1000x680)
     k.cy.js/2025-07-02T04-13-18-theory-of-mind-053-step-51.png                                     
  -  /home/david/levante/core-tasks/task-launcher/cypress/screenshots/temp_single_tas     (1000x680)
     k.cy.js/2025-07-02T04-13-18-theory-of-mind-054-step-52.png                                     
  -  /home/david/levante/core-tasks/task-launcher/cypress/screenshots/temp_single_tas     (1000x680)
     k.cy.js/2025-07-02T04-13-18-theory-of-mind-055-step-53.png                                     
  -  /home/david/levante/core-tasks/task-launcher/cypress/screenshots/temp_single_tas     (1000x680)
     k.cy.js/2025-07-02T04-13-18-theory-of-mind-056-step-54.png                                     
  -  /home/david/levante/core-tasks/task-launcher/cypress/screenshots/temp_single_tas     (1000x680)
     k.cy.js/2025-07-02T04-13-18-theory-of-mind-057-step-55.png                                     
  -  /home/david/levante/core-tasks/task-launcher/cypress/screenshots/temp_single_tas     (1000x680)
     k.cy.js/2025-07-02T04-13-18-theory-of-mind-058-step-56.png                                     
  -  /home/david/levante/core-tasks/task-launcher/cypress/screenshots/temp_single_tas     (1000x680)
     k.cy.js/2025-07-02T04-13-18-theory-of-mind-059-step-57.png                                     
  -  /home/david/levante/core-tasks/task-launcher/cypress/screenshots/temp_single_tas     (1000x680)
     k.cy.js/2025-07-02T04-13-18-theory-of-mind-060-step-58.png                                     
  -  /home/david/levante/core-tasks/task-launcher/cypress/screenshots/temp_single_tas     (1000x680)
     k.cy.js/2025-07-02T04-13-18-theory-of-mind-061-step-59.png                                     
  -  /home/david/levante/core-tasks/task-launcher/cypress/screenshots/temp_single_tas     (1000x680)
     k.cy.js/2025-07-02T04-13-18-theory-of-mind-062-step-60.png                                     
  -  /home/david/levante/core-tasks/task-launcher/cypress/screenshots/temp_single_tas     (1000x680)
     k.cy.js/2025-07-02T04-13-18-theory-of-mind-063-step-61.png                                     
  -  /home/david/levante/core-tasks/task-launcher/cypress/screenshots/temp_single_tas     (1000x680)
     k.cy.js/2025-07-02T04-13-18-theory-of-mind-064-step-62.png                                     
  -  /home/david/levante/core-tasks/task-launcher/cypress/screenshots/temp_single_tas     (1000x680)
     k.cy.js/2025-07-02T04-13-18-theory-of-mind-065-step-63.png                                     
  -  /home/david/levante/core-tasks/task-launcher/cypress/screenshots/temp_single_tas     (1000x680)
     k.cy.js/2025-07-02T04-13-18-theory-of-mind-066-step-64.png                                     
  -  /home/david/levante/core-tasks/task-launcher/cypress/screenshots/temp_single_tas     (1000x680)
     k.cy.js/2025-07-02T04-13-18-theory-of-mind-067-step-65.png                                     
  -  /home/david/levante/core-tasks/task-launcher/cypress/screenshots/temp_single_tas     (1000x680)
     k.cy.js/2025-07-02T04-13-18-theory-of-mind-068-step-66.png                                     
  -  /home/david/levante/core-tasks/task-launcher/cypress/screenshots/temp_single_tas     (1000x680)
     k.cy.js/2025-07-02T04-13-18-theory-of-mind-069-step-67.png                                     
  -  /home/david/levante/core-tasks/task-launcher/cypress/screenshots/temp_single_tas     (1000x680)
     k.cy.js/2025-07-02T04-13-18-theory-of-mind-070-step-68.png                                     
  -  /home/david/levante/core-tasks/task-launcher/cypress/screenshots/temp_single_tas     (1000x680)
     k.cy.js/2025-07-02T04-13-18-theory-of-mind-071-step-69.png                                     
  -  /home/david/levante/core-tasks/task-launcher/cypress/screenshots/temp_single_tas     (1000x680)
     k.cy.js/2025-07-02T04-13-18-theory-of-mind-072-step-70.png                                     
  -  /home/david/levante/core-tasks/task-launcher/cypress/screenshots/temp_single_tas     (1000x680)
     k.cy.js/2025-07-02T04-13-18-theory-of-mind-073-step-71.png                                     
  -  /home/david/levante/core-tasks/task-launcher/cypress/screenshots/temp_single_tas     (1000x680)
     k.cy.js/2025-07-02T04-13-18-theory-of-mind-074-step-72.png                                     
  -  /home/david/levante/core-tasks/task-launcher/cypress/screenshots/temp_single_tas     (1000x680)
     k.cy.js/2025-07-02T04-13-18-theory-of-mind-075-step-73.png                                     
  -  /home/david/levante/core-tasks/task-launcher/cypress/screenshots/temp_single_tas     (1000x680)
     k.cy.js/2025-07-02T04-13-18-theory-of-mind-076-step-74.png                                     
  -  /home/david/levante/core-tasks/task-launcher/cypress/screenshots/temp_single_tas     (1000x680)
     k.cy.js/2025-07-02T04-13-18-theory-of-mind-077-step-75.png                                     
  -  /home/david/levante/core-tasks/task-launcher/cypress/screenshots/temp_single_tas     (1000x680)
     k.cy.js/2025-07-02T04-13-18-theory-of-mind-078-step-76.png                                     
  -  /home/david/levante/core-tasks/task-launcher/cypress/screenshots/temp_single_tas     (1000x680)
     k.cy.js/2025-07-02T04-13-18-theory-of-mind-079-step-77.png                                     
  -  /home/david/levante/core-tasks/task-launcher/cypress/screenshots/temp_single_tas     (1000x680)
     k.cy.js/2025-07-02T04-13-18-theory-of-mind-080-task-completed.png                              


  (Video)

  -  Started compressing: Compressing to 32 CRF                                                     
  -  Finished compressing: 32 seconds                                                
    Compression progress:  100%

  -  Video output: /home/david/levante/core-tasks/task-launcher/cypress/videos/temp_single_task.cy.js.mp4


==================================

  (Run Finished)


       Spec                                              Tests  Passing  Failing  Pending  Skipped  
  ┌────────────────────────────────────────────────────────────────────────────────────────────────┐
  │ ✔  temp_single_task.cy.js                   10:17        1        1        -        -        - │
  └────────────────────────────────────────────────────────────────────────────────────────────────┘
    ✔  All specs passed!                        10:17        1        1        -        -        -  

